<?xml version="1.0" encoding="UTF-8"?>
<!-- Generated by org.testng.reporters.JUnitXMLReporter -->
<testsuite ignored="0" hostname="bhagyak" failures="0" tests="5" name="Car Model And Prices Test" time="28.534" errors="0" timestamp="2024-11-18T12:30:31 IST">
  <testcase classname="testcases.CarModelAndPricesTest" name="carModelAndPrice" time="5.681"/>
  <testcase classname="testcases.CarModelAndPricesTest" name="carModelAndPrice" time="7.522"/>
  <testcase classname="testcases.CarModelAndPricesTest" name="carModelAndPrice" time="0.002">
    <skipped/>
  </testcase> <!-- carModelAndPrice -->
  <testcase classname="testcases.CarModelAndPricesTest" name="carModelAndPrice" time="5.681"/>
  <testcase classname="testcases.CarModelAndPricesTest" name="carModelAndPrice" time="6.187"/>
</testsuite> <!-- Car Model And Prices Test -->
