<?xml version="1.0" encoding="UTF-8"?>
<!-- Generated by org.testng.reporters.JUnitXMLReporter -->
<testsuite ignored="0" hostname="bhagyak" failures="0" tests="5" name="Find New Cars Test" time="38.902" errors="0" timestamp="2024-11-14T13:07:04 IST">
  <testcase classname="testcases.FindNewCarsTest" name="newCarTest" time="8.139"/>
  <testcase classname="testcases.FindNewCarsTest" name="newCarTest" time="10.682"/>
  <testcase classname="testcases.FindNewCarsTest" name="newCarTest" time="0.002">
    <skipped/>
  </testcase> <!-- newCarTest -->
  <testcase classname="testcases.FindNewCarsTest" name="newCarTest" time="7.514"/>
  <testcase classname="testcases.FindNewCarsTest" name="newCarTest" time="7.84"/>
</testsuite> <!-- Find New Cars Test -->
